NOTE: Picked up JDK_JAVA_OPTIONS:  --add-opens=java.base/java.lang=ALL-UNNAMED --add-opens=java.base/java.lang.invoke=ALL-UNNAMED --add-opens=java.base/java.lang.reflect=ALL-UNNAMED --add-opens=java.base/java.io=ALL-UNNAMED --add-opens=java.base/java.util=ALL-UNNAMED --add-opens=java.base/java.util.concurrent=ALL-UNNAMED --add-opens=java.rmi/sun.rmi.transport=ALL-UNNAMED
13-Apr-2026 00:36:06.633 INFO [main] org.apache.catalina.startup.VersionLoggerListener.log Server version name:   Apache Tomcat/9.0.117
13-Apr-2026 00:36:06.643 INFO [main] org.apache.catalina.startup.VersionLoggerListener.log Server built:          Mar 30 2026 18:21:16 UTC
13-Apr-2026 00:36:06.643 INFO [main] org.apache.catalina.startup.VersionLoggerListener.log Server version number: 9.0.117.0
13-Apr-2026 00:36:06.644 INFO [main] org.apache.catalina.startup.VersionLoggerListener.log OS Name:               Linux
13-Apr-2026 00:36:06.644 INFO [main] org.apache.catalina.startup.VersionLoggerListener.log OS Version:            5.15.0-139-generic
13-Apr-2026 00:36:06.644 INFO [main] org.apache.catalina.startup.VersionLoggerListener.log Architecture:          amd64
13-Apr-2026 00:36:06.644 INFO [main] org.apache.catalina.startup.VersionLoggerListener.log Java Home:             /usr/lib/jvm/java-11-openjdk-amd64
13-Apr-2026 00:36:06.645 INFO [main] org.apache.catalina.startup.VersionLoggerListener.log JVM Version:           11.0.27+6-post-Ubuntu-0ubuntu120.04
13-Apr-2026 00:36:06.645 INFO [main] org.apache.catalina.startup.VersionLoggerListener.log JVM Vendor:            Ubuntu
13-Apr-2026 00:36:06.645 INFO [main] org.apache.catalina.startup.VersionLoggerListener.log CATALINA_BASE:         /home/kruthik/Desktop/Devops/Tomcat/apache-tomcat-9.0.117
13-Apr-2026 00:36:06.645 INFO [main] org.apache.catalina.startup.VersionLoggerListener.log CATALINA_HOME:         /home/kruthik/Desktop/Devops/Tomcat/apache-tomcat-9.0.117
13-Apr-2026 00:36:06.679 INFO [main] org.apache.catalina.startup.VersionLoggerListener.log Command line argument: --add-opens=java.base/java.lang=ALL-UNNAMED
13-Apr-2026 00:36:06.679 INFO [main] org.apache.catalina.startup.VersionLoggerListener.log Command line argument: --add-opens=java.base/java.lang.invoke=ALL-UNNAMED
13-Apr-2026 00:36:06.679 INFO [main] org.apache.catalina.startup.VersionLoggerListener.log Command line argument: --add-opens=java.base/java.lang.reflect=ALL-UNNAMED
13-Apr-2026 00:36:06.679 INFO [main] org.apache.catalina.startup.VersionLoggerListener.log Command line argument: --add-opens=java.base/java.io=ALL-UNNAMED
13-Apr-2026 00:36:06.679 INFO [main] org.apache.catalina.startup.VersionLoggerListener.log Command line argument: --add-opens=java.base/java.util=ALL-UNNAMED
13-Apr-2026 00:36:06.679 INFO [main] org.apache.catalina.startup.VersionLoggerListener.log Command line argument: --add-opens=java.base/java.util.concurrent=ALL-UNNAMED
13-Apr-2026 00:36:06.681 INFO [main] org.apache.catalina.startup.VersionLoggerListener.log Command line argument: --add-opens=java.rmi/sun.rmi.transport=ALL-UNNAMED
13-Apr-2026 00:36:06.681 INFO [main] org.apache.catalina.startup.VersionLoggerListener.log Command line argument: -Djava.util.logging.config.file=/home/kruthik/Desktop/Devops/Tomcat/apache-tomcat-9.0.117/conf/logging.properties
13-Apr-2026 00:36:06.682 INFO [main] org.apache.catalina.startup.VersionLoggerListener.log Command line argument: -Djava.util.logging.manager=org.apache.juli.ClassLoaderLogManager
13-Apr-2026 00:36:06.682 INFO [main] org.apache.catalina.startup.VersionLoggerListener.log Command line argument: -Djdk.tls.ephemeralDHKeySize=2048
13-Apr-2026 00:36:06.682 INFO [main] org.apache.catalina.startup.VersionLoggerListener.log Command line argument: -Djava.protocol.handler.pkgs=org.apache.catalina.webresources
13-Apr-2026 00:36:06.682 INFO [main] org.apache.catalina.startup.VersionLoggerListener.log Command line argument: -Dsun.io.useCanonCaches=false
13-Apr-2026 00:36:06.682 INFO [main] org.apache.catalina.startup.VersionLoggerListener.log Command line argument: -Dorg.apache.catalina.security.SecurityListener.UMASK=0027
13-Apr-2026 00:36:06.682 INFO [main] org.apache.catalina.startup.VersionLoggerListener.log Command line argument: -Dignore.endorsed.dirs=
13-Apr-2026 00:36:06.683 INFO [main] org.apache.catalina.startup.VersionLoggerListener.log Command line argument: -Dcatalina.base=/home/kruthik/Desktop/Devops/Tomcat/apache-tomcat-9.0.117
13-Apr-2026 00:36:06.683 INFO [main] org.apache.catalina.startup.VersionLoggerListener.log Command line argument: -Dcatalina.home=/home/kruthik/Desktop/Devops/Tomcat/apache-tomcat-9.0.117
13-Apr-2026 00:36:06.683 INFO [main] org.apache.catalina.startup.VersionLoggerListener.log Command line argument: -Djava.io.tmpdir=/home/kruthik/Desktop/Devops/Tomcat/apache-tomcat-9.0.117/temp
13-Apr-2026 00:36:06.692 INFO [main] org.apache.catalina.core.AprLifecycleListener.lifecycleEvent The Apache Tomcat Native library which allows using OpenSSL was not found on the java.library.path: [/usr/java/packages/lib:/usr/lib/x86_64-linux-gnu/jni:/lib/x86_64-linux-gnu:/usr/lib/x86_64-linux-gnu:/usr/lib/jni:/lib:/usr/lib]
13-Apr-2026 00:36:07.211 INFO [main] org.apache.coyote.AbstractProtocol.init Initializing ProtocolHandler ["http-nio-8080"]
13-Apr-2026 00:36:07.258 INFO [main] org.apache.catalina.startup.Catalina.load Server initialization in [1015] milliseconds
13-Apr-2026 00:36:07.391 INFO [main] org.apache.catalina.core.StandardService.startInternal Starting service [Catalina]
13-Apr-2026 00:36:07.391 INFO [main] org.apache.catalina.core.StandardEngine.startInternal Starting Servlet engine: [Apache Tomcat/9.0.117]
13-Apr-2026 00:36:07.421 INFO [main] org.apache.catalina.startup.HostConfig.deployWAR Deploying web application archive [/home/kruthik/Desktop/Devops/Tomcat/apache-tomcat-9.0.117/webapps/Amazon.war]
13-Apr-2026 00:36:14.972 INFO [main] org.apache.jasper.servlet.TldScanner.scanJars At least one JAR was scanned for TLDs yet contained no TLDs. Enable debug logging for this logger for a complete list of JARs that were scanned but no TLDs were found in them. Skipping unneeded JARs during scanning can improve startup time and JSP compilation time.
13-Apr-2026 00:36:15.015 INFO [main] org.apache.catalina.startup.HostConfig.deployWAR Deployment of web application archive [/home/kruthik/Desktop/Devops/Tomcat/apache-tomcat-9.0.117/webapps/Amazon.war] has finished in [7,593] ms
13-Apr-2026 00:36:15.016 INFO [main] org.apache.catalina.startup.HostConfig.deployDirectory Deploying web application directory [/home/kruthik/Desktop/Devops/Tomcat/apache-tomcat-9.0.117/webapps/manager]
13-Apr-2026 00:36:15.074 INFO [main] org.apache.catalina.startup.HostConfig.deployDirectory Deployment of web application directory [/home/kruthik/Desktop/Devops/Tomcat/apache-tomcat-9.0.117/webapps/manager] has finished in [58] ms
13-Apr-2026 00:36:15.075 INFO [main] org.apache.catalina.startup.HostConfig.deployDirectory Deploying web application directory [/home/kruthik/Desktop/Devops/Tomcat/apache-tomcat-9.0.117/webapps/ROOT]
13-Apr-2026 00:36:15.103 INFO [main] org.apache.catalina.startup.HostConfig.deployDirectory Deployment of web application directory [/home/kruthik/Desktop/Devops/Tomcat/apache-tomcat-9.0.117/webapps/ROOT] has finished in [28] ms
13-Apr-2026 00:36:15.103 INFO [main] org.apache.catalina.startup.HostConfig.deployDirectory Deploying web application directory [/home/kruthik/Desktop/Devops/Tomcat/apache-tomcat-9.0.117/webapps/examples]
13-Apr-2026 00:36:15.417 INFO [main] org.apache.catalina.startup.HostConfig.deployDirectory Deployment of web application directory [/home/kruthik/Desktop/Devops/Tomcat/apache-tomcat-9.0.117/webapps/examples] has finished in [313] ms
13-Apr-2026 00:36:15.417 INFO [main] org.apache.catalina.startup.HostConfig.deployDirectory Deploying web application directory [/home/kruthik/Desktop/Devops/Tomcat/apache-tomcat-9.0.117/webapps/host-manager]
13-Apr-2026 00:36:15.450 INFO [main] org.apache.catalina.startup.HostConfig.deployDirectory Deployment of web application directory [/home/kruthik/Desktop/Devops/Tomcat/apache-tomcat-9.0.117/webapps/host-manager] has finished in [33] ms
13-Apr-2026 00:36:15.450 INFO [main] org.apache.catalina.startup.HostConfig.deployDirectory Deploying web application directory [/home/kruthik/Desktop/Devops/Tomcat/apache-tomcat-9.0.117/webapps/docs]
13-Apr-2026 00:36:15.483 INFO [main] org.apache.catalina.startup.HostConfig.deployDirectory Deployment of web application directory [/home/kruthik/Desktop/Devops/Tomcat/apache-tomcat-9.0.117/webapps/docs] has finished in [32] ms
13-Apr-2026 00:36:15.505 INFO [main] org.apache.coyote.AbstractProtocol.start Starting ProtocolHandler ["http-nio-8080"]
13-Apr-2026 00:36:15.548 INFO [main] org.apache.catalina.startup.Catalina.start Server startup in [8289] milliseconds
